<?xml version="1.0" encoding="UTF-8"?>
<!-- Generated by org.testng.reporters.JUnitReportReporter -->
<testsuite skipped="0" hostname="Chetuiwk1317" name="modules.Login" tests="7" failures="0" timestamp="15 Jun 2017 14:05:37 GMT" time="85.426" errors="0">
  <testcase name="loginApp" time="2.841" classname="modules.Login"/>
  <testcase name="createDatabase" time="0.979" classname="modules.Login"/>
  <testcase name="createTable" time="4.017" classname="modules.Login"/>
  <testcase name="insertData" time="2.024" classname="modules.Login"/>
  <testcase name="insertData" time="4.330" classname="modules.Login"/>
  <testcase name="insertData" time="2.280" classname="modules.Login"/>
  <testcase name="insertData" time="68.955" classname="modules.Login"/>
</testsuite> <!-- modules.Login -->
